Transaction sent: 0xf06ede8e2553e949ad69085e58cf2681d6c23fc73da8095cf2b25405625183b9
  Max fee: 1.000000014 gwei   Priority fee: 1.0 gwei   Gas limit: 1554185   Nonce: 22
  directBTC.constructor confirmed   Block: 2377749   Gas used: 1400613 (90.12%)   Gas price: 1.000000007 gwei
  directBTC deployed at: 0x4f523fc16D9A6DF29e00B243c4357eAbD77Cc7bF

Transaction sent: 0x4060e11ca1e67bf8a9f6f6b5a18a8ca0d4fa221a9836276b8362a8fb641c4c03
  Max fee: 1.000000014 gwei   Priority fee: 1.0 gwei   Gas limit: 671896   Nonce: 23
  TransparentUpgradeableProxy.constructor confirmed   Block: 2377751   Gas used: 604847 (90.02%)   Gas price: 1.000000007 gwei
  TransparentUpgradeableProxy deployed at: 0xdC3c6eE727A59e45829568fe02d4F2d323fA0f45

Transaction sent: 0x13bddb7c0e8c71308b5b0ff7855213ba781f5504da1c9cc921698db904a0f76f
  Max fee: 1.000000014 gwei   Priority fee: 1.0 gwei   Gas limit: 1626464   Nonce: 24
  DirectBTCMinter.constructor confirmed   Block: 2377753   Gas used: 1465803 (90.12%)   Gas price: 1.000000007 gwei
  DirectBTCMinter deployed at: 0x3AE54830ac651Cd2954744CFf818CC69E54f1d62

Transaction sent: 0x8049068ac91db6094df928651099db2c708ea351c09972061d5a26e9074beafa
  Max fee: 1.000000014 gwei   Priority fee: 1.0 gwei   Gas limit: 671909   Nonce: 25
  TransparentUpgradeableProxy.constructor confirmed   Block: 2377754   Gas used: 604859 (90.02%)   Gas price: 1.000000007 gwei
  TransparentUpgradeableProxy deployed at: 0x72EC6e637BAF1698250a02DeED8b029ABDBB71EB

Transaction sent: 0x5a310618c6c381f7e7122bc85f3ef9a891b109b2ba4bb7a6243864f9ab891576
  Max fee: 1.000000014 gwei   Priority fee: 1.0 gwei   Gas limit: 178776   Nonce: 25
  Transaction confirmed   Block: 2377755   Gas used: 157685 (88.20%)   Gas price: 1.000000007 gwei

Transaction sent: 0xd2b4413d70bfeafa398ee3e4873afb8d428098115fbda1a722323daad0cd7b90
  Max fee: 1.000000014 gwei   Priority fee: 1.0 gwei   Gas limit: 65402   Nonce: 26
  Transaction confirmed   Block: 2377756   Gas used: 58641 (89.66%)   Gas price: 1.000000007 gwei

Transaction sent: 0x1829dd63abb05f7d4b1730dee3bf64a12209b31e291d0d9dff3ceed7e842a624
  Max fee: 1.000000014 gwei   Priority fee: 1.0 gwei   Gas limit: 166999   Nonce: 27
  Transaction confirmed   Block: 2377757   Gas used: 148301 (88.80%)   Gas price: 1.000000007 gwei

ProxyAdmin:  0xC0c9E78BfC3996E8b68D872b29340816495D7e89
uniBtc Vault:  0x97e16DB82E089D0C9c37bc07F23FcE98cfF04823
-----
Deployed directBTC proxy:  0xdC3c6eE727A59e45829568fe02d4F2d323fA0f45
Deployed directBTC impl :  0x4f523fc16D9A6DF29e00B243c4357eAbD77Cc7bF
-----
Deployed DirectBTCMinter proxy:  0x72EC6e637BAF1698250a02DeED8b029ABDBB71EB
Deployed DirectBTCMinter impl :  0x3AE54830ac651Cd2954744CFf818CC69E54f1d62

----- setup admin role and recipient -----
Transaction sent: 0xfd1a8d3f4f8555ebccc312d6fdbad6cdd3944a8fabb9cda7aa11596920b07f2b
  Max fee: 1.000000014 gwei   Priority fee: 1.0 gwei   Gas limit: 65415   Nonce: 28
  Transaction confirmed   Block: 2377758   Gas used: 58653 (89.66%)   Gas price: 1.000000007 gwei

Transaction sent: 0x801db185b6b3fd9cf50b24f47b6b0239a40ad65727d15ae6e3b7005a3b8072d3
  Max fee: 1.000000014 gwei   Priority fee: 1.0 gwei   Gas limit: 61672   Nonce: 29
  Transaction confirmed   Block: 2377759   Gas used: 55264 (89.61%)   Gas price: 1.000000007 gwei



